Determining if the include file pthread.h exists passed with the following output:
Change Dir: /home/hoon/catkin_ws/build/CMakeFiles/CMakeTmp

Run Build Command:"/usr/bin/make" "cmTC_91cb8/fast"
/usr/bin/make -f CMakeFiles/cmTC_91cb8.dir/build.make CMakeFiles/cmTC_91cb8.dir/build
make[1]: Entering directory '/home/hoon/catkin_ws/build/CMakeFiles/CMakeTmp'
Building C object CMakeFiles/cmTC_91cb8.dir/CheckIncludeFile.c.o
/usr/bin/cc     -o CMakeFiles/cmTC_91cb8.dir/CheckIncludeFile.c.o   -c /home/hoon/catkin_ws/build/CMakeFiles/CMakeTmp/CheckIncludeFile.c
Linking C executable cmTC_91cb8
/usr/bin/cmake -E cmake_link_script CMakeFiles/cmTC_91cb8.dir/link.txt --verbose=1
/usr/bin/cc       CMakeFiles/cmTC_91cb8.dir/CheckIncludeFile.c.o  -o cmTC_91cb8 -rdynamic 
make[1]: Leaving directory '/home/hoon/catkin_ws/build/CMakeFiles/CMakeTmp'


Determining if the function pthread_create exists in the pthread passed with the following output:
Change Dir: /home/hoon/catkin_ws/build/CMakeFiles/CMakeTmp

Run Build Command:"/usr/bin/make" "cmTC_b26ab/fast"
/usr/bin/make -f CMakeFiles/cmTC_b26ab.dir/build.make CMakeFiles/cmTC_b26ab.dir/build
make[1]: Entering directory '/home/hoon/catkin_ws/build/CMakeFiles/CMakeTmp'
Building C object CMakeFiles/cmTC_b26ab.dir/CheckFunctionExists.c.o
/usr/bin/cc    -DCHECK_FUNCTION_EXISTS=pthread_create   -o CMakeFiles/cmTC_b26ab.dir/CheckFunctionExists.c.o   -c /usr/share/cmake-3.5/Modules/CheckFunctionExists.c
Linking C executable cmTC_b26ab
/usr/bin/cmake -E cmake_link_script CMakeFiles/cmTC_b26ab.dir/link.txt --verbose=1
/usr/bin/cc   -DCHECK_FUNCTION_EXISTS=pthread_create    CMakeFiles/cmTC_b26ab.dir/CheckFunctionExists.c.o  -o cmTC_b26ab -rdynamic -lpthread 
make[1]: Leaving directory '/home/hoon/catkin_ws/build/CMakeFiles/CMakeTmp'


